#
# A fatal error has been detected by the Java Runtime Environment:
#
#  EXCEPTION_ACCESS_VIOLATION (0xc0000005) at pc=0x6e631d7e, pid=10828, tid=0x000019e4
#
# JRE version: Java(TM) SE Runtime Environment (8.0_191-b12) (build 1.8.0_191-b12)
# Java VM: Java HotSpot(TM) Client VM (25.191-b12 mixed mode windows-x86 )
# Problematic frame:
# C  [6590.tmp+0x1d7e]
#
# Failed to write core dump. Minidumps are not enabled by default on client versions of Windows
#
# If you would like to submit a bug report, please visit:
#   http://bugreport.java.com/bugreport/crash.jsp
#

---------------  T H R E A D  ---------------

Current thread (0x257f1000):  VMThread [stack: 0x259f0000,0x25a40000] [id=6628]

siginfo: ExceptionCode=0xc0000005, reading address 0x6cbc7f44

Registers:
EAX=0x001e0ea4, EBX=0x6e630000, ECX=0x6cbc7f3c, EDX=0x6e630000
ESP=0x25a3f224, EBP=0x25a3f228, ESI=0x25a3f290, EDI=0x00000000
EIP=0x6e631d7e, EFLAGS=0x00010246

Top of Stack: (sp=0x25a3f224)
0x25a3f224:   001e0ea4 25a3f268 6e632019 6e630000
0x25a3f234:   00000000 00000001 c146aa92 6e6320e3
0x25a3f244:   25a3f290 00000000 00000000 25a3f23c
0x25a3f254:   25a3ebd0 25a3f2d8 6e632ba0 8a8133ba
0x25a3f264:   00000000 25a3f27c 6e6320ff 6e630000
0x25a3f274:   00000000 00000001 25a3f29c 77b2a896
0x25a3f284:   6e630000 00000000 00000001 00000000
0x25a3f294:   6e6320e3 6e630000 25a3f2e8 77b001b6 

Instructions: (pc=0x6e631d7e)
0x6e631d5e:   ff ff b8 01 00 00 00 5d c2 0c 00 85 c0 75 34 83
0x6e631d6e:   3d c0 91 64 6e 01 75 2b a1 b4 91 64 6e 50 8b 08
0x6e631d7e:   ff 51 08 a1 bc 91 64 6e 50 8b 08 ff 51 08 a1 b0
0x6e631d8e:   91 64 6e 50 8b 08 ff 51 08 c7 05 c0 91 64 6e 00 


Register to memory mapping:

EAX=
[error occurred during error reporting (printing register info), id 0xc0000005]

Stack: [0x259f0000,0x25a40000],  sp=0x25a3f224,  free space=316k
Native frames: (J=compiled Java code, j=interpreted, Vv=VM code, C=native code)
C  [6590.tmp+0x1d7e]
C  [6590.tmp+0x2019]
C  [6590.tmp+0x20ff]
C  [ntdll.dll+0x6a896]
C  [ntdll.dll+0x401b6]
C  [ntdll.dll+0x3459d]
C  [ntdll.dll+0x34495]
C  [KERNEL32.DLL+0x13a23]
C  [msvcr100.dll+0x27997]
C  [msvcr100.dll+0x27ab0]
C  [msvcr100.dll+0x27b1d]
V  [jvm.dll+0x15ad62]
V  [jvm.dll+0x184dbd]
V  [jvm.dll+0x184221]
V  [jvm.dll+0x184637]
V  [jvm.dll+0x184832]
V  [jvm.dll+0x1c57a6]
C  [msvcr100.dll+0x5c556]
C  [msvcr100.dll+0x5c600]
C  [KERNEL32.DLL+0x18484]
C  [ntdll.dll+0x63ab8]
C  [ntdll.dll+0x63a88]

VM_Operation (0x275ce2a0): Exit, mode: safepoint, requested by thread 0x28403400


---------------  P R O C E S S  ---------------

Java Threads: ( => current thread )
  0x28404400 JavaThread "JmDNS(192-168-14-63.local.).State.Timer" [_thread_blocked, id=2324, stack(0x26d80000,0x26dd0000)]
  0x28404000 JavaThread "JmDNS(192-168-14-63.local.).Timer" daemon [_thread_blocked, id=11536, stack(0x26cf0000,0x26d40000)]
  0x28403800 JavaThread "SocketListener(192-168-14-63.local.)" daemon [_thread_in_native, id=1564, stack(0x26c60000,0x26cb0000)]
  0x28407000 JavaThread "JmDNS(fe80-0-0-0-c196-1373-f7be-6ec-wlan1.local.).State.Timer" [_thread_blocked, id=12224, stack(0x24bf0000,0x24c40000)]
  0x28402000 JavaThread "JmDNS(fe80-0-0-0-c196-1373-f7be-6ec-wlan1.local.).Timer" daemon [_thread_blocked, id=11760, stack(0x00900000,0x00950000)]
  0x28408400 JavaThread "SocketListener(fe80-0-0-0-c196-1373-f7be-6ec-wlan1.local.)" daemon [_thread_in_native, id=10576, stack(0x00850000,0x008a0000)]
  0x28402c00 JavaThread "DestroyJavaVM" [_thread_blocked, id=1444, stack(0x02080000,0x020d0000)]
  0x28409800 JavaThread "TimerQueue" daemon [_thread_blocked, id=9828, stack(0x2b5d0000,0x2b620000)]
  0x28403400 JavaThread "AWT-EventQueue-0" [_thread_blocked, id=11676, stack(0x27580000,0x275d0000)]
  0x28408c00 JavaThread "AWT-Shutdown" [_thread_blocked, id=11664, stack(0x268e0000,0x26930000)]
  0x28405800 JavaThread "Batik CleanerThread" daemon [_thread_blocked, id=11736, stack(0x27860000,0x278b0000)]
  0x284fb400 JavaThread "JmDNS(kings-landing.local.).State.Timer" [_thread_blocked, id=380, stack(0x274f0000,0x27540000)]
  0x284fac00 JavaThread "JmDNS(kings-landing.local.).Timer" daemon [_thread_blocked, id=10404, stack(0x27460000,0x274b0000)]
  0x284fa800 JavaThread "SocketListener(kings-landing.local.)" daemon [_thread_in_native, id=6324, stack(0x273d0000,0x27420000)]
  0x284fc000 JavaThread "JmDNS(kings-landing.local.).State.Timer" [_thread_blocked, id=5652, stack(0x27000000,0x27050000)]
  0x284fd400 JavaThread "JmDNS(kings-landing.local.).Timer" daemon [_thread_blocked, id=3244, stack(0x26f70000,0x26fc0000)]
  0x284fbc00 JavaThread "SocketListener(kings-landing.local.)" daemon [_thread_in_native, id=240, stack(0x26ee0000,0x26f30000)]
  0x2846fc00 JavaThread "Multihomed mDNS.Timer" daemon [_thread_blocked, id=8276, stack(0x265e0000,0x26630000)]
  0x2843ac00 JavaThread "cc.arduino.packages.discoverers.serial.SerialBoardsLister" [_thread_blocked, id=4732, stack(0x26970000,0x269c0000)]
  0x261d4000 JavaThread "Java2D Disposer" daemon [_thread_blocked, id=9200, stack(0x26550000,0x265a0000)]
  0x25839800 JavaThread "Service Thread" daemon [_thread_blocked, id=3568, stack(0x25e40000,0x25e90000)]
  0x2582f800 JavaThread "C1 CompilerThread0" daemon [_thread_blocked, id=1584, stack(0x25db0000,0x25e00000)]
  0x2582e000 JavaThread "Attach Listener" daemon [_thread_blocked, id=7180, stack(0x25d20000,0x25d70000)]
  0x2581c800 JavaThread "Signal Dispatcher" daemon [_thread_blocked, id=11628, stack(0x25c90000,0x25ce0000)]
  0x2581ac00 JavaThread "Finalizer" daemon [_thread_blocked, id=11776, stack(0x25b10000,0x25b60000)]
  0x25814c00 JavaThread "Reference Handler" daemon [_thread_blocked, id=3424, stack(0x25a80000,0x25ad0000)]

Other Threads:
=>0x257f1000 VMThread [stack: 0x259f0000,0x25a40000] [id=6628]

VM state:at safepoint (shutting down)

VM Mutex/Monitor currently owned by a thread:  ([mutex/lock_event])
[0x0203de08] Threads_lock - owner thread: 0x257f1000

Heap:
 def new generation   total 55040K, used 18524K [0x04600000, 0x081b0000, 0x0f0a0000)
  eden space 48960K,  36% used [0x04600000, 0x0573bc40, 0x075d0000)
  from space 6080K,  14% used [0x07bc0000, 0x07c9b5b8, 0x081b0000)
  to   space 6080K,   0% used [0x075d0000, 0x075d0000, 0x07bc0000)
 tenured generation   total 122072K, used 81130K [0x0f0a0000, 0x167d6000, 0x24600000)
   the space 122072K,  66% used [0x0f0a0000, 0x13fda928, 0x13fdaa00, 0x167d6000)
 Metaspace       used 21657K, capacity 22278K, committed 22528K, reserved 22912K

Card table byte_map: [0x24600000,0x24710000] byte_map_base: 0x245dd000

Polling page: 0x00170000

CodeCache: size=32768Kb used=2796Kb max_used=4813Kb free=29971Kb
 bounds [0x024a0000, 0x02958000, 0x044a0000]
 total_blobs=1546 nmethods=1266 adapters=209
 compilation: enabled

Compilation events (10 events):
Event: 9547.865 Thread 0x2582f800 12004             sun.awt.SunToolkit::getAppContext (42 bytes)
Event: 9547.866 Thread 0x2582f800 nmethod 12004 0x02913988 code [0x02913ad0, 0x02913cd4]
Event: 9552.553 Thread 0x2582f800 12005             java.util.Arrays::copyOf (13 bytes)
Event: 9552.554 Thread 0x2582f800 nmethod 12005 0x0263ef88 code [0x0263f080, 0x0263f10c]
Event: 9553.538 Thread 0x2582f800 12006             java.util.ComparableTimSort::binarySort (223 bytes)
Event: 9553.540 Thread 0x2582f800 nmethod 12006 0x02596508 code [0x02596650, 0x02596a58]
Event: 9553.541 Thread 0x2582f800 12007             java.lang.String::compareTo (78 bytes)
Event: 9553.542 Thread 0x2582f800 nmethod 12007 0x026b05c8 code [0x026b06d0, 0x026b07f0]
Event: 9553.542 Thread 0x2582f800 12008             sun.nio.cs.UTF_8$Encoder::encodeArrayLoop (489 bytes)
Event: 9553.551 Thread 0x2582f800 nmethod 12008 0x027512c8 code [0x02751610, 0x0275230c]

GC Heap History (10 events):
Event: 8951.755 GC heap before
{Heap before GC invocations=488 (full 3):
 def new generation   total 55040K, used 52705K [0x04600000, 0x081b0000, 0x0f0a0000)
  eden space 48960K, 100% used [0x04600000, 0x075d0000, 0x075d0000)
  from space 6080K,  61% used [0x075d0000, 0x07978638, 0x07bc0000)
  to   space 6080K,   0% used [0x07bc0000, 0x07bc0000, 0x081b0000)
 tenured generation   total 122072K, used 73242K [0x0f0a0000, 0x167d6000, 0x24600000)
   the space 122072K,  59% used [0x0f0a0000, 0x13826950, 0x13826a00, 0x167d6000)
 Metaspace       used 21632K, capacity 22243K, committed 22528K, reserved 22912K
Event: 8951.770 GC heap after
Heap after GC invocations=489 (full 3):
 def new generation   total 55040K, used 2776K [0x04600000, 0x081b0000, 0x0f0a0000)
  eden space 48960K,   0% used [0x04600000, 0x04600000, 0x075d0000)
  from space 6080K,  45% used [0x07bc0000, 0x07e76238, 0x081b0000)
  to   space 6080K,   0% used [0x075d0000, 0x075d0000, 0x07bc0000)
 tenured generation   total 122072K, used 75805K [0x0f0a0000, 0x167d6000, 0x24600000)
   the space 122072K,  62% used [0x0f0a0000, 0x13aa74a0, 0x13aa7600, 0x167d6000)
 Metaspace       used 21632K, capacity 22243K, committed 22528K, reserved 22912K
}
Event: 9094.424 GC heap before
{Heap before GC invocations=489 (full 3):
 def new generation   total 55040K, used 51736K [0x04600000, 0x081b0000, 0x0f0a0000)
  eden space 48960K, 100% used [0x04600000, 0x075d0000, 0x075d0000)
  from space 6080K,  45% used [0x07bc0000, 0x07e76238, 0x081b0000)
  to   space 6080K,   0% used [0x075d0000, 0x075d0000, 0x07bc0000)
 tenured generation   total 122072K, used 75805K [0x0f0a0000, 0x167d6000, 0x24600000)
   the space 122072K,  62% used [0x0f0a0000, 0x13aa74a0, 0x13aa7600, 0x167d6000)
 Metaspace       used 21632K, capacity 22243K, committed 22528K, reserved 22912K
Event: 9094.437 GC heap after
Heap after GC invocations=490 (full 3):
 def new generation   total 55040K, used 6080K [0x04600000, 0x081b0000, 0x0f0a0000)
  eden space 48960K,   0% used [0x04600000, 0x04600000, 0x075d0000)
  from space 6080K, 100% used [0x075d0000, 0x07bc0000, 0x07bc0000)
  to   space 6080K,   0% used [0x07bc0000, 0x07bc0000, 0x081b0000)
 tenured generation   total 122072K, used 76037K [0x0f0a0000, 0x167d6000, 0x24600000)
   the space 122072K,  62% used [0x0f0a0000, 0x13ae1510, 0x13ae1600, 0x167d6000)
 Metaspace       used 21632K, capacity 22243K, committed 22528K, reserved 22912K
}
Event: 9266.591 GC heap before
{Heap before GC invocations=490 (full 3):
 def new generation   total 55040K, used 55040K [0x04600000, 0x081b0000, 0x0f0a0000)
  eden space 48960K, 100% used [0x04600000, 0x075d0000, 0x075d0000)
  from space 6080K, 100% used [0x075d0000, 0x07bc0000, 0x07bc0000)
  to   space 6080K,   0% used [0x07bc0000, 0x07bc0000, 0x081b0000)
 tenured generation   total 122072K, used 76037K [0x0f0a0000, 0x167d6000, 0x24600000)
   the space 122072K,  62% used [0x0f0a0000, 0x13ae1510, 0x13ae1600, 0x167d6000)
 Metaspace       used 21634K, capacity 22246K, committed 22528K, reserved 22912K
Event: 9266.604 GC heap after
Heap after GC invocations=491 (full 3):
 def new generation   total 55040K, used 922K [0x04600000, 0x081b0000, 0x0f0a0000)
  eden space 48960K,   0% used [0x04600000, 0x04600000, 0x075d0000)
  from space 6080K,  15% used [0x07bc0000, 0x07ca69d8, 0x081b0000)
  to   space 6080K,   0% used [0x075d0000, 0x075d0000, 0x07bc0000)
 tenured generation   total 122072K, used 81130K [0x0f0a0000, 0x167d6000, 0x24600000)
   the space 122072K,  66% used [0x0f0a0000, 0x13fda928, 0x13fdaa00, 0x167d6000)
 Metaspace       used 21634K, capacity 22246K, committed 22528K, reserved 22912K
}
Event: 9341.274 GC heap before
{Heap before GC invocations=491 (full 3):
 def new generation   total 55040K, used 49875K [0x04600000, 0x081b0000, 0x0f0a0000)
  eden space 48960K,  99% used [0x04600000, 0x075ce588, 0x075d0000)
  from space 6080K,  15% used [0x07bc0000, 0x07ca69d8, 0x081b0000)
  to   space 6080K,   0% used [0x075d0000, 0x075d0000, 0x07bc0000)
 tenured generation   total 122072K, used 81130K [0x0f0a0000, 0x167d6000, 0x24600000)
   the space 122072K,  66% used [0x0f0a0000, 0x13fda928, 0x13fdaa00, 0x167d6000)
 Metaspace       used 21634K, capacity 22246K, committed 22528K, reserved 22912K
Event: 9341.281 GC heap after
Heap after GC invocations=492 (full 3):
 def new generation   total 55040K, used 1706K [0x04600000, 0x081b0000, 0x0f0a0000)
  eden space 48960K,   0% used [0x04600000, 0x04600000, 0x075d0000)
  from space 6080K,  28% used [0x075d0000, 0x0777aaf8, 0x07bc0000)
  to   space 6080K,   0% used [0x07bc0000, 0x07bc0000, 0x081b0000)
 tenured generation   total 122072K, used 81130K [0x0f0a0000, 0x167d6000, 0x24600000)
   the space 122072K,  66% used [0x0f0a0000, 0x13fda928, 0x13fdaa00, 0x167d6000)
 Metaspace       used 21634K, capacity 22246K, committed 22528K, reserved 22912K
}
Event: 9470.972 GC heap before
{Heap before GC invocations=492 (full 3):
 def new generation   total 55040K, used 50666K [0x04600000, 0x081b0000, 0x0f0a0000)
  eden space 48960K, 100% used [0x04600000, 0x075d0000, 0x075d0000)
  from space 6080K,  28% used [0x075d0000, 0x0777aaf8, 0x07bc0000)
  to   space 6080K,   0% used [0x07bc0000, 0x07bc0000, 0x081b0000)
 tenured generation   total 122072K, used 81130K [0x0f0a0000, 0x167d6000, 0x24600000)
   the space 122072K,  66% used [0x0f0a0000, 0x13fda928, 0x13fdaa00, 0x167d6000)
 Metaspace       used 21657K, capacity 22278K, committed 22528K, reserved 22912K
Event: 9470.978 GC heap after
Heap after GC invocations=493 (full 3):
 def new generation   total 55040K, used 877K [0x04600000, 0x081b0000, 0x0f0a0000)
  eden space 48960K,   0% used [0x04600000, 0x04600000, 0x075d0000)
  from space 6080K,  14% used [0x07bc0000, 0x07c9b5b8, 0x081b0000)
  to   space 6080K,   0% used [0x075d0000, 0x075d0000, 0x07bc0000)
 tenured generation   total 122072K, used 81130K [0x0f0a0000, 0x167d6000, 0x24600000)
   the space 122072K,  66% used [0x0f0a0000, 0x13fda928, 0x13fdaa00, 0x167d6000)
 Metaspace       used 21657K, capacity 22278K, committed 22528K, reserved 22912K
}

Deoptimization events (0 events):
No events

Classes redefined (0 events):
No events

Internal exceptions (10 events):
Event: 9373.243 Thread 0x284fa000 Exception <a 'sun/nio/fs/WindowsException'> (0x05d4e7f0) thrown at [C:\workspace\8-2-build-windows-i586-cygwin\jdk8u191\11896\hotspot\src\share\vm\prims\jni.cpp, line 709]
Event: 9373.243 Thread 0x284fa000 Exception <a 'sun/nio/fs/WindowsException'> (0x05d4eed8) thrown at [C:\workspace\8-2-build-windows-i586-cygwin\jdk8u191\11896\hotspot\src\share\vm\prims\jni.cpp, line 709]
Event: 9373.244 Thread 0x284fa000 Exception <a 'sun/nio/fs/WindowsException'> (0x05d593e0) thrown at [C:\workspace\8-2-build-windows-i586-cygwin\jdk8u191\11896\hotspot\src\share\vm\prims\jni.cpp, line 709]
Event: 9373.244 Thread 0x284fa000 Exception <a 'sun/nio/fs/WindowsException'> (0x05d59b40) thrown at [C:\workspace\8-2-build-windows-i586-cygwin\jdk8u191\11896\hotspot\src\share\vm\prims\jni.cpp, line 709]
Event: 9373.245 Thread 0x284fa000 Exception <a 'sun/nio/fs/WindowsException'> (0x05d63840) thrown at [C:\workspace\8-2-build-windows-i586-cygwin\jdk8u191\11896\hotspot\src\share\vm\prims\jni.cpp, line 709]
Event: 9373.245 Thread 0x284fa000 Exception <a 'sun/nio/fs/WindowsException'> (0x05d63f28) thrown at [C:\workspace\8-2-build-windows-i586-cygwin\jdk8u191\11896\hotspot\src\share\vm\prims\jni.cpp, line 709]
Event: 9373.246 Thread 0x284fa000 Exception <a 'sun/nio/fs/WindowsException'> (0x05d6e020) thrown at [C:\workspace\8-2-build-windows-i586-cygwin\jdk8u191\11896\hotspot\src\share\vm\prims\jni.cpp, line 709]
Event: 9373.246 Thread 0x284fa000 Exception <a 'sun/nio/fs/WindowsException'> (0x05d6e588) thrown at [C:\workspace\8-2-build-windows-i586-cygwin\jdk8u191\11896\hotspot\src\share\vm\prims\jni.cpp, line 709]
Event: 9373.247 Thread 0x284fa000 Exception <a 'sun/nio/fs/WindowsException'> (0x05d78d30) thrown at [C:\workspace\8-2-build-windows-i586-cygwin\jdk8u191\11896\hotspot\src\share\vm\prims\jni.cpp, line 709]
Event: 9373.247 Thread 0x284fa000 Exception <a 'sun/nio/fs/WindowsException'> (0x05d79310) thrown at [C:\workspace\8-2-build-windows-i586-cygwin\jdk8u191\11896\hotspot\src\share\vm\prims\jni.cpp, line 709]

Events (10 events):
Event: 9553.617 Thread 0x284fc800 Thread added: 0x284fc800
Event: 9553.617 Thread 0x284fd800 Thread added: 0x284fd800
Event: 9553.617 Thread 0x284fa000 Thread added: 0x284fa000
Event: 9553.617 Thread 0x28405000 Thread added: 0x28405000
Event: 9553.629 Thread 0x284fa000 Thread exited: 0x284fa000
Event: 9553.650 Thread 0x284fd800 Thread exited: 0x284fd800
Event: 9553.692 Thread 0x261d5000 Thread exited: 0x261d5000
Event: 9553.722 Thread 0x284fc800 Thread exited: 0x284fc800
Event: 9553.769 Thread 0x28405000 Thread exited: 0x28405000
Event: 9553.769 Executing VM operation: Exit


Dynamic libraries:
0x009d0000 - 0x00a03000 	C:\Program Files (x86)\Arduino\java\bin\javaw.exe
0x77ac0000 - 0x77c50000 	C:\WINDOWS\SYSTEM32\ntdll.dll
0x74480000 - 0x74560000 	C:\WINDOWS\System32\KERNEL32.DLL
0x777c0000 - 0x779a4000 	C:\WINDOWS\System32\KERNELBASE.dll
0x747d0000 - 0x74848000 	C:\WINDOWS\System32\ADVAPI32.dll
0x74710000 - 0x747cf000 	C:\WINDOWS\System32\msvcrt.dll
0x75490000 - 0x754d4000 	C:\WINDOWS\System32\sechost.dll
0x75130000 - 0x751f0000 	C:\WINDOWS\System32\RPCRT4.dll
0x74380000 - 0x743a0000 	C:\WINDOWS\System32\SspiCli.dll
0x74370000 - 0x7437a000 	C:\WINDOWS\System32\CRYPTBASE.dll
0x77700000 - 0x77758000 	C:\WINDOWS\System32\bcryptPrimitives.dll
0x748d0000 - 0x74a5d000 	C:\WINDOWS\System32\USER32.dll
0x75f80000 - 0x75f97000 	C:\WINDOWS\System32\win32u.dll
0x74a60000 - 0x74a82000 	C:\WINDOWS\System32\GDI32.dll
0x75e10000 - 0x75f74000 	C:\WINDOWS\System32\gdi32full.dll
0x743a0000 - 0x7441d000 	C:\WINDOWS\System32\msvcp_win.dll
0x754e0000 - 0x755fe000 	C:\WINDOWS\System32\ucrtbase.dll
0x730b0000 - 0x732b4000 	C:\WINDOWS\WinSxS\x86_microsoft.windows.common-controls_6595b64144ccf1df_6.0.17134.523_none_42edd4b044e3535c\COMCTL32.dll
0x75fa0000 - 0x761fc000 	C:\WINDOWS\System32\combase.dll
0x74560000 - 0x74586000 	C:\WINDOWS\System32\IMM32.DLL
0x73d60000 - 0x73e1f000 	C:\Program Files (x86)\Arduino\java\bin\msvcr100.dll
0x6da80000 - 0x6de53000 	C:\Program Files (x86)\Arduino\java\bin\client\jvm.dll
0x76200000 - 0x76206000 	C:\WINDOWS\System32\PSAPI.DLL
0x73f40000 - 0x73f64000 	C:\WINDOWS\SYSTEM32\WINMM.dll
0x740b0000 - 0x740b8000 	C:\WINDOWS\SYSTEM32\WSOCK32.dll
0x74850000 - 0x748b7000 	C:\WINDOWS\System32\WS2_32.dll
0x73080000 - 0x730a3000 	C:\WINDOWS\SYSTEM32\WINMMBASE.dll
0x74360000 - 0x74368000 	C:\WINDOWS\SYSTEM32\VERSION.dll
0x74b20000 - 0x74b59000 	C:\WINDOWS\System32\cfgmgr32.dll
0x72610000 - 0x72640000 	C:\Program Files (x86)\Arduino\java\bin\splashscreen.dll
0x736e0000 - 0x7375c000 	C:\WINDOWS\system32\uxtheme.dll
0x73d50000 - 0x73d5c000 	C:\Program Files (x86)\Arduino\java\bin\verify.dll
0x725e0000 - 0x72602000 	C:\Program Files (x86)\Arduino\java\bin\java.dll
0x745c0000 - 0x74703000 	C:\WINDOWS\System32\MSCTF.dll
0x751f0000 - 0x75286000 	C:\WINDOWS\System32\OLEAUT32.dll
0x6e630000 - 0x6e64d000 	C:\Users\pmiha\AppData\Local\Temp\6590.tmp
0x75bc0000 - 0x75cbc000 	C:\WINDOWS\System32\ole32.dll
0x725c0000 - 0x725d4000 	C:\Program Files (x86)\Arduino\java\bin\zip.dll
0x779c0000 - 0x779cf000 	C:\WINDOWS\System32\kernel.appcore.dll
0x724d0000 - 0x7254d000 	C:\WINDOWS\System32\TextInputFramework.dll
0x6d820000 - 0x6da7d000 	C:\WINDOWS\System32\CoreUIComponents.dll
0x74a90000 - 0x74b18000 	C:\WINDOWS\System32\SHCORE.dll
0x6d790000 - 0x6d81b000 	C:\WINDOWS\System32\CoreMessaging.dll
0x74080000 - 0x740a9000 	C:\WINDOWS\SYSTEM32\ntmarta.dll
0x6d6b0000 - 0x6d786000 	C:\WINDOWS\SYSTEM32\wintypes.dll
0x72a30000 - 0x72a53000 	C:\WINDOWS\system32\dwmapi.dll
0x727a0000 - 0x727f6000 	C:\WINDOWS\system32\Oleacc.dll
0x763b0000 - 0x776fa000 	C:\WINDOWS\System32\SHELL32.dll
0x75600000 - 0x75bba000 	C:\WINDOWS\System32\windows.storage.dll
0x75cc0000 - 0x75d05000 	C:\WINDOWS\System32\shlwapi.dll
0x745a0000 - 0x745b8000 	C:\WINDOWS\System32\profapi.dll
0x75070000 - 0x750b5000 	C:\WINDOWS\System32\powrprof.dll
0x74590000 - 0x74598000 	C:\WINDOWS\System32\FLTLIB.DLL
0x61940000 - 0x619b3000 	C:\Program Files (x86)\Arduino\lib\listSerialsj.dll
0x74b60000 - 0x74f8b000 	C:\WINDOWS\System32\SETUPAPI.dll
0x724b0000 - 0x724cd000 	C:\Program Files (x86)\Arduino\lib\jnidispatch-4.2.2-win32-x86.dll
0x72490000 - 0x724a5000 	C:\Program Files (x86)\Arduino\java\bin\net.dll
0x726f0000 - 0x72746000 	C:\WINDOWS\system32\mswsock.dll
0x73d40000 - 0x73d4f000 	C:\Program Files (x86)\Arduino\java\bin\nio.dll
0x6d560000 - 0x6d6a7000 	C:\Program Files (x86)\Arduino\java\bin\awt.dll
0x6d4c0000 - 0x6d55d000 	C:\WINDOWS\SYSTEM32\apphelp.dll
0x72400000 - 0x72439000 	C:\Program Files (x86)\Arduino\java\bin\fontmanager.dll
0x6d3e0000 - 0x6d4b9000 	C:\WINDOWS\system32\opengl32.dll
0x6d3a0000 - 0x6d3df000 	C:\WINDOWS\SYSTEM32\GLU32.dll
0x6d360000 - 0x6d392000 	C:\Program Files (x86)\Arduino\java\bin\t2k.dll
0x72770000 - 0x72792000 	C:\WINDOWS\SYSTEM32\DEVOBJ.dll
0x75020000 - 0x75067000 	C:\WINDOWS\System32\WINTRUST.dll
0x75120000 - 0x7512e000 	C:\WINDOWS\System32\MSASN1.dll
0x76210000 - 0x763a6000 	C:\WINDOWS\System32\CRYPT32.dll
0x74120000 - 0x74150000 	C:\WINDOWS\SYSTEM32\IPHLPAPI.DLL
0x748c0000 - 0x748c7000 	C:\WINDOWS\System32\NSI.dll
0x72650000 - 0x726de000 	C:\WINDOWS\SYSTEM32\DNSAPI.dll
0x73f10000 - 0x73f23000 	C:\WINDOWS\SYSTEM32\dhcpcsvc6.DLL
0x72640000 - 0x72648000 	C:\Windows\System32\rasadhlp.dll
0x73ef0000 - 0x73f04000 	C:\WINDOWS\SYSTEM32\dhcpcsvc.DLL
0x74030000 - 0x7407f000 	C:\WINDOWS\System32\fwpuclnt.dll
0x74010000 - 0x74029000 	C:\WINDOWS\SYSTEM32\bcrypt.dll
0x6d2f0000 - 0x6d359000 	C:\Program Files (x86)\Arduino\msvcp100.dll
0x6d230000 - 0x6d2ee000 	C:\Program Files (x86)\Arduino\msvcr100.dll
0x276d0000 - 0x27702000 	C:\Program Files (x86)\Arduino\lib\AStylej.dll
0x723d0000 - 0x723f4000 	C:\Program Files (x86)\Arduino\java\bin\dcpr.dll
0x74f90000 - 0x75013000 	C:\WINDOWS\System32\clbcatq.dll
0x6e210000 - 0x6e381000 	C:\WINDOWS\SYSTEM32\WindowsCodecs.dll
0x6cc70000 - 0x6ccc3000 	C:\WINDOWS\system32\Ninput.dll
0x73ed0000 - 0x73ee3000 	C:\WINDOWS\SYSTEM32\CRYPTSP.dll
0x73ea0000 - 0x73ecf000 	C:\WINDOWS\system32\rsaenh.dll
0x72970000 - 0x72991000 	C:\WINDOWS\SYSTEM32\USERENV.dll
0x6cc50000 - 0x6cc70000 	C:\Program Files (x86)\Arduino\java\bin\sunec.dll
0x725b0000 - 0x725b9000 	C:\Program Files (x86)\Arduino\java\bin\sunmscapi.dll
0x64000000 - 0x6401b000 	C:\Users\pmiha\.jssc\windows\jSSC-2.8_x86.dll
0x733b0000 - 0x73532000 	C:\WINDOWS\SYSTEM32\dbghelp.dll

VM Arguments:
jvm_args: -Dsun.java2d.d3d=false -Djna.nosys=true -Djna.nounpack=true -Djna.boot.library.name=jnidispatch-4.2.2-win32-x86 -Djna.boot.library.path=C:\Program Files (x86)\Arduino/lib -Djssc.library.path=C:\Program Files (x86)\Arduino/lib -DAPP_DIR=C:\Program Files (x86)\Arduino -Xms128M -Xmx512M 
java_command: processing.app.Base C:\Users\pmiha\Programming\repositories\RidersOnTheChain\arduino_code\esp32_obd2\esp32_obd2.ino
java_class_path (initial): C:\Program Files (x86)\Arduino\lib\apple.jar;C:\Program Files (x86)\Arduino\lib\arduino-core.jar;C:\Program Files (x86)\Arduino\lib\batik-1.8.jar;C:\Program Files (x86)\Arduino\lib\batik-anim-1.8.jar;C:\Program Files (x86)\Arduino\lib\batik-awt-util-1.8.jar;C:\Program Files (x86)\Arduino\lib\batik-bridge-1.8.jar;C:\Program Files (x86)\Arduino\lib\batik-codec-1.8.jar;C:\Program Files (x86)\Arduino\lib\batik-css-1.8.jar;C:\Program Files (x86)\Arduino\lib\batik-dom-1.8.jar;C:\Program Files (x86)\Arduino\lib\batik-ext-1.8.jar;C:\Program Files (x86)\Arduino\lib\batik-gvt-1.8.jar;C:\Program Files (x86)\Arduino\lib\batik-parser-1.8.jar;C:\Program Files (x86)\Arduino\lib\batik-rasterizer-1.8.jar;C:\Program Files (x86)\Arduino\lib\batik-script-1.8.jar;C:\Program Files (x86)\Arduino\lib\batik-squiggle-1.8.jar;C:\Program Files (x86)\Arduino\lib\batik-svg-dom-1.8.jar;C:\Program Files (x86)\Arduino\lib\batik-svgpp-1.8.jar;C:\Program Files (x86)\Arduino\lib\batik-transcoder-1.8.jar;C:\Program Files (x86)\Arduino\lib\batik-util-1.8.jar;C:\Program Files (x86)\Arduino\lib\batik-xml-1.8.jar;C:\Program Files (x86)\Arduino\lib\bcpg-jdk15on-152.jar;C:\Program Files (x86)\Arduino\lib\bcprov-jdk15on-152.jar;C:\Program Files (x86)\Arduino\lib\commons-codec-1.7.jar;C:\Program Files (x86)\Arduino\lib\commons-compress-1.8.jar;C:\Program Files (x86)\Arduino\lib\commons-exec-1.1.jar;C:\Program Files (x86)\Arduino\lib\commons-httpclient-3.1.jar;C:\Program Files (x86)\Arduino\lib\commons-lang3-3.3.2.jar;C:\Program Files (x86)\Arduino\lib\commons-logging-1.0.4.jar;C:\Program Files (x86)\Arduino\lib\commons-net-3.3.jar;C:\Program Files (x86)\Arduino\lib\jackson-annotations-2.9.5.jar;C:\Program Files (x86)\Arduino\lib\jackson-core-2.9.5.jar;C:\Program Files (x86)\Arduino\lib\jackson-databind-2.9.5.jar;C:\Program Files (x86)\Arduino\lib\jackson-module-mrbean-2.9.5.jar;C:\Program Files (x86)\Arduino\lib\java-semver-0.8.0.jar;C:\Program Files (x86)\Arduino\lib\jmdns-3.5.3.j
Launcher Type: SUN_STANDARD

Environment Variables:
PATH=C:\Program Files (x86)\Common Files\Oracle\Java\javapath;C:\WINDOWS\system32;C:\WINDOWS;C:\WINDOWS\System32\Wbem;C:\WINDOWS\System32\WindowsPowerShell\v1.0\;C:\Program Files\Git\cmd;C:\Program Files\Git\mingw64\bin;C:\Program Files\Git\usr\bin;C:\Program Files\TortoiseSVN\bin;C:\WINDOWS\System32\OpenSSH\;C:\Program Files\nodejs\;C:\Program Files\dotnet\;C:\Program Files\Microsoft SQL Server\130\Tools\Binn\;C:\Users\pmiha\AppData\Local\Programs\Python\Python37-32\Scripts\;C:\Users\pmiha\AppData\Local\Programs\Python\Python37-32\;C:\Users\pmiha\AppData\Local\Microsoft\WindowsApps;C:\Users\pmiha\AppData\Roaming\npm;C:\MinGW\mingw64\bin;;C:\Program Files (x86)\Arduino\java\bin
USERNAME=pmiha
OS=Windows_NT
PROCESSOR_IDENTIFIER=Intel64 Family 6 Model 78 Stepping 3, GenuineIntel



---------------  S Y S T E M  ---------------

OS: Windows 10.0 , 64 bit Build 17134 (10.0.17134.1)

CPU:total 4 (initial active 4) (2 cores per cpu, 2 threads per core) family 6 model 78 stepping 3, cmov, cx8, fxsr, mmx, sse, sse2, sse3, ssse3, sse4.1, sse4.2, popcnt, avx, avx2, aes, clmul, erms, rtm, 3dnowpref, lzcnt, ht, tsc, tscinvbit, bmi1, bmi2, adx

Memory: 4k page, physical 16700708k(13090092k free), swap 19191076k(15185716k free)

vm_info: Java HotSpot(TM) Client VM (25.191-b12) for windows-x86 JRE (1.8.0_191-b12), built on Oct  6 2018 08:34:23 by "java_re" with MS VC++ 10.0 (VS2010)

time: Sat Jan 12 17:16:19 2019
elapsed time: 9554 seconds (0d 2h 39m 14s)

